<?xml version="1.0" encoding="UTF-8"?>
<!-- Generated by org.testng.reporters.JUnitReportReporter -->
<testsuite hostname="DESKTOP-3CFDAQ8" failures="0" tests="3" name="com.tutorialsninja.qa.tests.SearchTest" time="14.285" errors="0" timestamp="2024-08-18T12:16:05 IST" skipped="0">
  <testcase classname="com.tutorialsninja.qa.tests.SearchTest" name="searchValidProduct" time="4.946"/>
  <testcase classname="com.tutorialsninja.qa.tests.SearchTest" name="searchInvalidProduct" time="4.758"/>
  <testcase classname="com.tutorialsninja.qa.tests.SearchTest" name="seachProductWithoutAnyProduct" time="4.581"/>
</testsuite> <!-- com.tutorialsninja.qa.tests.SearchTest -->
