<?xml version="1.0" encoding="UTF-8"?>
<!-- Generated by org.testng.reporters.JUnitReportReporter -->
<testsuite hostname="DESKTOP-3CFDAQ8" failures="0" tests="4" name="com.tutorialsninja.qa.tests.RegisterTest" time="28.399" errors="0" timestamp="2024-08-18T12:16:05 IST" skipped="0">
  <testcase classname="com.tutorialsninja.qa.tests.RegisterTest" name="verifyRegisterAccountWithMandatoryFeild" time="6.737"/>
  <testcase classname="com.tutorialsninja.qa.tests.RegisterTest" name="verifyRegisterAccountWithAllFeild" time="9.675"/>
  <testcase classname="com.tutorialsninja.qa.tests.RegisterTest" name="registerAccountWithDuplicateEmailAddressFeild" time="6.299"/>
  <testcase classname="com.tutorialsninja.qa.tests.RegisterTest" name="registerAccountWithoutUsingAnyFeild" time="5.688"/>
</testsuite> <!-- com.tutorialsninja.qa.tests.RegisterTest -->
