<?xml version="1.0" encoding="UTF-8"?>
<!-- Generated by org.testng.reporters.JUnitReportReporter -->
<testsuite hostname="DESKTOP-3CFDAQ8" failures="0" tests="7" name="com.tutorialsninja.qa.tests.LoginTest" time="40.837" errors="0" timestamp="2024-08-18T12:16:05 IST" skipped="0">
  <testcase classname="com.tutorialsninja.qa.tests.LoginTest" name="verifyLoginWithValidCredentials" time="5.775"/>
  <testcase classname="com.tutorialsninja.qa.tests.LoginTest" name="verifyLoginWithValidCredentials" time="5.723"/>
  <testcase classname="com.tutorialsninja.qa.tests.LoginTest" name="verifyLoginWithValidCredentials" time="5.913"/>
  <testcase classname="com.tutorialsninja.qa.tests.LoginTest" name="verifyLoginWithInvalidEmailAndValidPassword" time="6.082"/>
  <testcase classname="com.tutorialsninja.qa.tests.LoginTest" name="verifyLoginWithValidEmailAndInvalidPassword" time="5.250"/>
  <testcase classname="com.tutorialsninja.qa.tests.LoginTest" name="verifyLoginWithInvalidEmailInvalidPassword" time="5.473"/>
  <testcase classname="com.tutorialsninja.qa.tests.LoginTest" name="verifyLoginWithoutProvindingAnyCredentials" time="6.621"/>
</testsuite> <!-- com.tutorialsninja.qa.tests.LoginTest -->
