<?xml version="1.0" encoding="UTF-8"?>
<!-- Generated by org.testng.reporters.JUnitReportReporter -->
<testsuite hostname="DESKTOP-3CFDAQ8" failures="0" tests="4" name="com.tutorialsninja.qa.tests.RegisterTest" time="29.126" errors="0" timestamp="2024-08-17T16:24:38 IST" skipped="0">
  <testcase classname="com.tutorialsninja.qa.tests.RegisterTest" name="verifyRegisterAccountWithMandatoryFeild" time="6.327"/>
  <testcase classname="com.tutorialsninja.qa.tests.RegisterTest" name="verifyRegisterAccountWithAllFeild" time="8.564"/>
  <testcase classname="com.tutorialsninja.qa.tests.RegisterTest" name="registerAccountWithDuplicateEmailAddressFeild" time="7.148"/>
  <testcase classname="com.tutorialsninja.qa.tests.RegisterTest" name="registerAccountWithoutUsingAnyFeild" time="7.087"/>
</testsuite> <!-- com.tutorialsninja.qa.tests.RegisterTest -->
