<?xml version="1.0" encoding="UTF-8"?>
<!-- Generated by org.testng.reporters.JUnitReportReporter -->
<testsuite hostname="DESKTOP-3CFDAQ8" failures="0" tests="3" name="com.tutorialsninja.qa.tests.SearchTest" time="15.434" errors="0" timestamp="2024-08-17T16:24:38 IST" skipped="0">
  <testcase classname="com.tutorialsninja.qa.tests.SearchTest" name="searchValidProduct" time="5.422"/>
  <testcase classname="com.tutorialsninja.qa.tests.SearchTest" name="searchInvalidProduct" time="5.105"/>
  <testcase classname="com.tutorialsninja.qa.tests.SearchTest" name="seachProductWithoutAnyProduct" time="4.907"/>
</testsuite> <!-- com.tutorialsninja.qa.tests.SearchTest -->
